6a10        "   LLLՑ                  LLLՐLLLՕ3
  !planet1 IPv#֍                  
  "planet2 nW                  
6by~VnK  "  !qR=Wny   )nb3J   b &~u/l   )5q<   aڸG
6b+ȕ  "  !y+z_nQ   mA   ,GS[u3   w֐   ,P
6bU*+81  "  !o83n׫   Je2   ~<u0.^   Kev8$   ^J
6b~Yϕ  "  !g6aynǜ   h!Mѐ   N#u0z   '[@X=   N.
6bRVuq  "  !#n{0n~K   7+EP?   oiwu.#"   7^i޵f   o_2
6bƥ[  "  !X.Jn   ǁێ   9}u4   ,lD|S   :7M
6b!;eӖ  "  !c:nkx   XIǷLI   u.ΐ   XӧkxH   ̻~
6bLIX#  "  !8*ܑnG   $-ո% H   [u0+z   #ҵ   [1$
6be%^  "  !lYn˔Ð   D]   |栁u,   D絒D[   |ȓ
6beȶ[  "  !lYnp   E,˸]5P   }Nu,   E6<l:   }9(k
6b5=6#ɖ  "  !2LhƏn^   e+̷Y   u-Q   fCյ͐   h
6bpm  "  !,#n`   1ɦ 0   iR@8u/K   1d0!cː   ip~;
6bx5  "  !n   RN_x   9u+   R'ϐ   ¤
6bHhJ*h  "  !qnӐ   sJVZʐ   G'u,   tl   dA
6bm  "  !6w+n^g   ?y귐{   v̀u/[   >|l͐   w";A
6b7|L  "  !,nD   `gVUݐ   .u+Q   `0    n
6b[g  "  !`[_Vn5   #   ]u,N   HP6   ?
6bѩ$6  "  !cڡq/Vnjې   MbM'   Ou/&֐   Ltѵ(,   Ku
6b+QoY  "  !5Y-n'   ?Զʘv   <u15   ضg6   Ƚu
6bğz_zؖ  "  !keOn$   npB,ؐ   zuu+I   n*}   ,p
6bnD.  "  !ZnÒ   T6,   _0u,   IW8   @
6b1iN  "  !hӇn;   [}   u/'֐   Zؚsw   
6b>ޖ  "  !w|vn{   VG2҃   #Pu1x   ǵl   g
6bβŏ]̑  "  !dkn'1   |F'%j   m u+I   |c   F
6b҂Ql  "  !A+ʗnɜD   YTپ   I&u-$3   CYې   <)
6b|ZSL  "  !oNfőn|d   i1I!   yyu/|   hۼט   ҈
6bQݴÖ  "  !Vknn   _Vwؐ   gu1L   t)   Κ
6b8kx  "  !_JtnN   .з*   Gu,   ڵ`   ¼
6bܕ.ז  "  !wpȑnUf   UgnJ   eiu-ϐ   d6K,   ]
6beRj  "  !,8b_nÐ   ͟   &Hfu1ܝ   #<w|   %|
6bٓs  "  !T"8n@   l=߷<q   5u.%   ⌳Oː   r
6b4g  "  !8Z>WnΣ   z{n   nau.G   u8   {
6bxؙl  "  !0jǑn   jd   4b6tu1^   D浫`   4=B
6b"O  "  !?KFߑny   ER   7u/r   (Ĺ<   ,
6bs  "  !H<ݑn͙   ԘjCΐ    u/   ܵ    
6bA$}  "  !v`+nH   Kd.A'   B-u0홐   -c   B
6b PzĖ  "  !l`(n,   aT   TYu1qo   w޵   }'E
6b[@T̖  "  !CSݑn   +.;   d.u2   ,[}LА   dU 
6b>DM  "  !jnnʐ   ׆d[m9   /Iu0n   PWѵ5E   /R
6bZN<  "  !9ndU   eLh   PjBu0 s   chqp   P5
6beL'tͩ  "  !r[DnlZ   j3r    1u24   ª#0L   ɘ
6b}{Љ  "  ![OKnk:   9j1Đ   rɢ_u0!   :r`c   r
6bAS  "  !SC>5nĒ>   j?1(   =pu0ΐ   N/+G   =v
6b.m򦟗  "  !InL   '5R^[א   _hvu.[   '[+&   _]T
6bF5ӗ  "  !S"niL   HefR   cPu.   I=ؐ   8
6bޗ  "  !Ԏ\rnn`ؐ   bL~f   L>>u0n   H_ѵD   LQKS
6b0vy×  "  !k'n'   5ea   n%Eu-?   5za   m0
6bU  "  !*6m푑nb   W<_>   }wu-a   Wu   m
6bF  "  ![c`n   #4Wِ͋   Z֟u0   "嵦j   Z=
6b2n䗗  "  !%On   D͸c@   |u,ߐ   Dq$J   |d
6b^@  "  !岑jn   eӷQ   uu,@   fpȵ-   j
6b~  "  !5yzn䇐   1ݗR   iQ2u0*   1m@3   iz
6b4Ԗ  "  !:Anɽ   Se¸Yp[   Mu+   SUpx   Z
6bz=C9  "  !6*$En-e   t'    3u+   u*G6D   $8
6bzN*Q  "  !6&xהn   t   |+u++   uVԵPh   P
6b۸ϕJ  "  !Zqn#   @*e^f   wܑ\u/   @&@KT   x4[
6bIks  "  !̓{nX   F   ~u0N   VŦ   G1
6b6 C  "  !>LԑneА   bV!HTR   %Uu*Ð   b3)!q   8S
6buMP&̗  "  !#n蕐   =)   ĕu+u   >|   
6b֏W7  "  !Urn   O?"<   5u/;<   N   
6bD;  "  !M**nݞ   CMm   _bu0   8M۵   )S
6b8l  "  !n-v9nĐ   q:,0ΐ   .u*s   pBv   
6b8粗  "  !hn   qs2M   9xNu*A   q<|ܐ   A 
6bq}u  "  !oFk_nn4   컸D\C   u+ͨ   g쵐ly   
6bw(q  "  !`"Bnr   ^g8 Ĝ   Ԟu.K   ]r   
6b҆uŗ  "  !aMnp   ^qhĐ   އou.   ]l   %j
6b@էDz  "  !mΆ>^nH   oP`   0xu0G   a   !@
6b:.  "  !\Hrnۿ   Y<;   ؿu+yc   Od   bN
6bnS1M  "  !Z'cLnʭ   IrY   u,}   Ψ<   ﻁ
6b=ʋs  "  !H@f#n   ÃGqQ   8Fu1]K   a˵   nE
6b<hmIҗ  "  !ֺN/VnA   i`+   Xu,wR   H絓b1   "t
6b<y04  "  !ֺN*Sn   ׽D   <ou,u#   KAU"   N
6bmV  "  !biOiˑnud   ;vvg   Fu-   ?5:   :4A
6b;ٽF  "  !'K;v)@nĢ   -Ta   +u~u1y'   L%ŵǐ   +Au
6b>ٍ6  "  !ٶґn,   XK   *!u-X   Oe   RƬ
6bm"4h  "  !𧀏nΡC   lnf   bF)u.ɐ   d%ٵ/\   ``
6b; *"  "  !QVnsܐ   $a'˪   :V\u1@z   t   :myZ
6b@KJ2(  "  !8U%gn'ʐ   )nÐ   Qu/p   |Rxѐ   倒t
6bm~  "  !@n!   ό4k   'l'u/p   τ/͵s(   '+f
6bmL  "  !>ZnCL   ӵplV   '.lu/qG   ϰRv֐   'f%
6b;b1  "  !ygnh   GƸ"ܐ   I;u0͐   ɾK   I
6bB9  "  !\"6@ng   viQ   zu0   n*   אS
6b^9ۣ  "  !$nec   3^}/ɐ   l:2u12   3sD   kV
6bo4*|  "  !An   JҸb̯   6u/7   C2ː   6r
6b<Ҏ2  "  !XZn"    4Ը;ܗ   X:u/    7G͐   X
6bDwm  "  !C_ABn^   Н=M   $#u2v}   C뵱X   $J\
6b`  "  !,0n4`   B*L   {u0C   CQ<Tk   {K
6bqM  "  !N.ftؑnϐ   OȐ   FO-u/   `ζN   Ffh 
6b?48  "  !%@nǥ   0M띸L<   h&u.C+   0zA   h{U
6bF9"Z  "  !CnWP   6 .   3aBu3ѐ   ۑ(-6k   3*
6bb:Z  "  !rD^n@   Q7"J   ZDu.ߐ   RƵ9   f
6bt2ė  "  !O<?9n¯   7$5ܐ   Uu/T   ӋյZR   U% 
6bCQ   "  ![`=Pn֐   ?^%V1   wĐu,G   ?Zv   wKN
6bdu  "  !N%_~n   aHn`qa   ^au-9y   b@׵2   99
6bxu  "  !=jnO   -/h   eFSu/(S   -f>ϵ@0   epN
6bH1mz  "  !TF[Tn*   OZX   u+_   O5   B
6bf0]9_  "  !.[nv   q|MT   .Cu,TӐ   qٵB   ߻
6b}$@  "  !&nGŐ   =xkP   t=u.T3   =%f>W   u1`
6bMub2  "  !xnQ4   _eZn   nSu*Ɛ   _g🵌BȐ   jE
6bh<0   "  !S+YnE   Iη̐   ːu+蹐   Ѻlw   ]
6bi  "  !Pa:n    MDܷoڐ   u-Ő   Lf^   u
6bTߚ  "  !![`nʫ   ocWvf   Wfu*,Ґ   oNύ狐   P
6bk%GT  "  !_nzn   Ҧ   ubu,0   k_h@   `-
6bZ͗  "  !:!kӑn8Ð   ]Cy{)   Mu,   \%   E
6b\~  "  !{.`nw   RrظQj   1u*@ɐ   3i   4:
6bm,݃  "  !X2En   :Ӓ̰   ٜ`u,   }Nǐ   sa#
6b=  "  !WWonRF   m2\P'   r%u,L   l%?8B   
6bc]_  "  !xϭcnf   j   >ku2   ]ʵ   J.
6beg|i  "  !lZnǎ'   1H8   _'u*ғ   S   Q
6bo5E/  "  !]ܴn?Ԑ   M1nC   f!_u-А   ^)Ɛ   Th
6b4  "  !v3Î&n   }Wp(z   mu-T   |Գ3\   2(
6bQW  "  !mMn   9   +nYu2   ʙڵ]   +o8
6bo!T  "  !0&Αn@   Gs>P   Hu+魐    Gj   
6bq?21ӗ  "  !_ ʑnV.   #NƸJf   cu.||   ec   ]#
6bq?s|b  "  !` ŏ=n   jCHy   u.B   Y   c
6bQD՗  "  !wHn}   iҶl   Ė(Du.E(   ޓۖ   ś
6b]  "  !Tn4   Bb?֐   ;%u2   ҋ%   ;A!
6byKݗ  "  !أYgnݐ   ;Ҹ2&   <.u-[   Sﵚ[   SX
6bsJ܁  "  !%Nn"(   c]   )u//   ђ絤;I   )1}
6bC ח  "  !R_|n5%   7z[   u/   wl   '\
6buI2T  "  !dx;1n   hd   LHhu1Ȑ   $a\   K{e
6b J.  "  !Ĕܔnꗐ   $"H   iJu.+   ݐ   (
6buW-/6ڗ  "  !ql,^nͅ   EiZƐ   9u/m2   ӵ+   9Lc
6b+YC  "  !Gý<n   #먷V   \r|u0ې   $Sf@   \M
6b"  "  !)fnl_   jnF   'u/ᗐ   ϯzR#   '"]
6bwdNNo  "  !gXn̐   (oݙ   J*Ku/9   -R<   J-
6b8Qd  "  !,{#n   4Ac   l %u/c   4޵Ő   lw
6b$*/  "  !bGinK   }⊷)   7ߨu0+   $}6g   8*:
6byre6  "  !n˧   "Jnk   Zyu.{   "絡ɐ   ZP
6bFO8  "  !Xn   D\   }D0u-8   E$gp5ݐ   }!
6b&_`nY  "  !$G;fn%   8Sِ   Hdu0ݐ   VM{[   H
6b{ϗ  "  !j}Rnͳ   2hŃ   jnKu-p,   2Zn   j
6bUch  "  !5NnNa   UP#{   ˱u,F   U䵕   Ӿ
6b(=  "  !:JnF   !|PǷ4   X˦u0    WﵬnP   Y ]T
6b}⁾x  "  !n   CDT^.   {\\u,<    Cĵ^ʐ   {
6be|[  "  !;8ꌑn2   e'k^   a!u+$M   fGӵkv   C<
6b*̳!  "  !PIE n\6   2`޷t   iu/X   17   iʫE
6b  "  !3:4n:0   TmZjPW   GZu+"z   TUa=k   [\
6bv}0  "  !"oّn{   v>   /Zu*{T   vܵ>   N
6b,ah  "  !fE#Ñn또   B66Kg3   z-u/>Ґ   BW󒵤   zfɝ
6bIN;4  "  !~5n[T   _*   vu.   |N<   ѝy
6b   "  !?YnS[   e9<gB9|   㬓u*Q   dYڐ    U/
6bֈKɗ  "  !QF-n7   z&   ʨu*xx   /aE   @N
6b.ۗ  "  !|VCn鴐   Sַ#Ր   *.u.bH   RegS   -;
6b. 49  "  !|Vdnx   S܊׷(^   5~u.Xo   SJ߬0   Y
6bKaMa  "  !02nݑn    5d   u/   HԦ   V1
6bK?̗  "  !~.̑n   v>Fs4D   -%u)Y   uƬҐ   C
6b؜Eļ  "  !)tJn4   y8   лUu*ΐ   ?ӵ   РE=
