6a10        "   LLLՑ                  LLLՐLLLՕ3
  !planet1 IPv#֍                  
  "planet2 nW                  
6b        "   
  !mck7             jjj      X      
  "u3(O6      2Pu}jjj      2Pu}
6bwn  "   
  !mj5dJ      f9bc      hd
  "u/BS      =_rŹSR9?      ݒ
6bϩo]  "   
  !nFX      jۼ׶=ʎ      !
  "u+So      >%t&U72A      D<T
6b]#5Ի  "   
  !nEdjܐ      8^@^J      I-}-
  "u1dl      c(d õkh~4Hy      (dm
6bqoҴ  "   
  !ni       WxTWې      .l
  "u-Ry9ϐ      FxweC;tԐ      ~h_g
6bꏔ  "   
  !nǽ.j      ̺f{+\ܣ      ֲQ
  "u<API      *k^vvB      b%R
6b'LN  "   
  !n-ZQ      Q_׆~      =}k
  "u0Zyڐ      /Q}@Zg$,      G1%(
6bs{  "   
  !m      M݃RsȊ      JU
  "u<~6KF      ԑTG'jC      ,|Jo
6b¿ݤ  "   
  !m-`5      j6i==n      ˜^SJ
  "u)T7/      [>'%&Q      T3B
6b+`՘  "   
  !mu[Y      ֯Dп'Ko      .R5q
  "u1#      <nsU_fU^      ~p
6bw"  "   
  !md4      <-L?Rj      t@~6
  "u*g`"{      8%FE      AC(
